ISim log file
Running: E:\CO\ISE\ISE_Project\pipeline_mips\mips_txt_isim_beh.exe -intstyle ise -gui -tclbatch isim.cmd -wdb E:/CO/ISE/ISE_Project/pipeline_mips/mips_txt_isim_beh.wdb 
ISim P.20131013 (signature 0x7708f090)
----------------------------------------------------------------------
WARNING:Security:42 - Your software subscription period has lapsed. Your current version of Xilinx tools will continue to function, but you no longer qualify for Xilinx software updates or new releases.


----------------------------------------------------------------------
This is a Full version of ISim.
Time resolution is 1 ps
# onerror resume
# wave add /
# run 1000 ns
Simulator is doing circuit initialization process.
Finished circuit initialization process.
                  38@00003000: $ 8 <= 00003000
                  58@00003000: $ 8 <= 00003000
                  78@00003000: $ 8 <= 00003000
                  98@00003000: $ 8 <= 00003000
                 118@00003000: $ 8 <= 00003000
                 138@00003000: $ 8 <= 00003000
                 158@00003000: $ 8 <= 00003000
                 178@00003000: $ 8 <= 00003000
                 198@00003000: $ 8 <= 00003000
                 218@00003000: $ 8 <= 00003000
                 238@00003000: $ 8 <= 00003000
                 258@00003000: $ 8 <= 00003000
                 278@00003000: $ 8 <= 00003000
                 298@00003000: $ 8 <= 00003000
                 318@00003000: $ 8 <= 00003000
                 338@00003000: $ 8 <= 00003000
                 358@00003000: $ 8 <= 00003000
                 378@00003000: $ 8 <= 00003000
                 398@00003000: $ 8 <= 00003000
                 418@00003000: $ 8 <= 00003000
                 438@00003000: $ 8 <= 00003000
                 458@00003000: $ 8 <= 00003000
                 478@00003000: $ 8 <= 00003000
                 498@00003000: $ 8 <= 00003000
                 518@00003000: $ 8 <= 00003000
                 538@00003000: $ 8 <= 00003000
                 558@00003000: $ 8 <= 00003000
                 578@00003000: $ 8 <= 00003000
                 598@00003000: $ 8 <= 00003000
                 618@00003000: $ 8 <= 00003000
                 638@00003000: $ 8 <= 00003000
                 658@00003000: $ 8 <= 00003000
                 678@00003000: $ 8 <= 00003000
                 698@00003000: $ 8 <= 00003000
                 718@00003000: $ 8 <= 00003000
                 738@00003000: $ 8 <= 00003000
                 758@00003000: $ 8 <= 00003000
                 778@00003000: $ 8 <= 00003000
                 798@00003000: $ 8 <= 00003000
                 818@00003000: $ 8 <= 00003000
                 838@00003000: $ 8 <= 00003000
                 858@00003000: $ 8 <= 00003000
                 878@00003000: $ 8 <= 00003000
                 898@00003000: $ 8 <= 00003000
                 918@00003000: $ 8 <= 00003000
                 938@00003000: $ 8 <= 00003000
                 958@00003000: $ 8 <= 00003000
                 978@00003000: $ 8 <= 00003000
                 998@00003000: $ 8 <= 00003000
ISim P.20131013 (signature 0x7708f090)
----------------------------------------------------------------------
WARNING:Security:42 - Your software subscription period has lapsed. Your current version of Xilinx tools will continue to function, but you no longer qualify for Xilinx software updates or new releases.


----------------------------------------------------------------------
This is a Full version of ISim.
# run 1000 ns
Simulator is doing circuit initialization process.
Finished circuit initialization process.
                  38@00003000: $ 8 <= 00003000
                  58@00003000: $ 8 <= 00003000
                  78@00003000: $ 8 <= 00003000
                  98@00003000: $ 8 <= 00003000
                 118@00003000: $ 8 <= 00003000
                 138@00003000: $ 8 <= 00003000
                 158@00003000: $ 8 <= 00003000
                 178@00003000: $ 8 <= 00003000
                 198@00003000: $ 8 <= 00003000
                 218@00003000: $ 8 <= 00003000
                 238@00003000: $ 8 <= 00003000
                 258@00003000: $ 8 <= 00003000
                 278@00003000: $ 8 <= 00003000
                 298@00003000: $ 8 <= 00003000
                 318@00003000: $ 8 <= 00003000
                 338@00003000: $ 8 <= 00003000
                 358@00003000: $ 8 <= 00003000
                 378@00003000: $ 8 <= 00003000
                 398@00003000: $ 8 <= 00003000
                 418@00003000: $ 8 <= 00003000
                 438@00003000: $ 8 <= 00003000
                 458@00003000: $ 8 <= 00003000
                 478@00003000: $ 8 <= 00003000
                 498@00003000: $ 8 <= 00003000
                 518@00003000: $ 8 <= 00003000
                 538@00003000: $ 8 <= 00003000
                 558@00003000: $ 8 <= 00003000
                 578@00003000: $ 8 <= 00003000
                 598@00003000: $ 8 <= 00003000
                 618@00003000: $ 8 <= 00003000
                 638@00003000: $ 8 <= 00003000
                 658@00003000: $ 8 <= 00003000
                 678@00003000: $ 8 <= 00003000
                 698@00003000: $ 8 <= 00003000
                 718@00003000: $ 8 <= 00003000
                 738@00003000: $ 8 <= 00003000
                 758@00003000: $ 8 <= 00003000
                 778@00003000: $ 8 <= 00003000
                 798@00003000: $ 8 <= 00003000
                 818@00003000: $ 8 <= 00003000
                 838@00003000: $ 8 <= 00003000
                 858@00003000: $ 8 <= 00003000
                 878@00003000: $ 8 <= 00003000
                 898@00003000: $ 8 <= 00003000
                 918@00003000: $ 8 <= 00003000
                 938@00003000: $ 8 <= 00003000
                 958@00003000: $ 8 <= 00003000
                 978@00003000: $ 8 <= 00003000
                 998@00003000: $ 8 <= 00003000
ISim P.20131013 (signature 0x7708f090)
----------------------------------------------------------------------
WARNING:Security:42 - Your software subscription period has lapsed. Your current version of Xilinx tools will continue to function, but you no longer qualify for Xilinx software updates or new releases.


----------------------------------------------------------------------
This is a Full version of ISim.
# run 1000 ns
Simulator is doing circuit initialization process.
Finished circuit initialization process.
                  38@00003000: $ 8 <= 00003000
                  58@00003000: $ 8 <= 00003000
                  78@00003000: $ 8 <= 00003000
                  98@00003000: $ 8 <= 00003000
                 118@00003000: $ 8 <= 00003000
                 138@00003000: $ 8 <= 00003000
                 158@00003000: $ 8 <= 00003000
                 178@00003000: $ 8 <= 00003000
                 198@00003000: $ 8 <= 00003000
                 218@00003000: $ 8 <= 00003000
                 238@00003000: $ 8 <= 00003000
                 258@00003000: $ 8 <= 00003000
                 278@00003000: $ 8 <= 00003000
                 298@00003000: $ 8 <= 00003000
                 318@00003000: $ 8 <= 00003000
                 338@00003000: $ 8 <= 00003000
                 358@00003000: $ 8 <= 00003000
                 378@00003000: $ 8 <= 00003000
                 398@00003000: $ 8 <= 00003000
                 418@00003000: $ 8 <= 00003000
                 438@00003000: $ 8 <= 00003000
                 458@00003000: $ 8 <= 00003000
                 478@00003000: $ 8 <= 00003000
                 498@00003000: $ 8 <= 00003000
                 518@00003000: $ 8 <= 00003000
                 538@00003000: $ 8 <= 00003000
                 558@00003000: $ 8 <= 00003000
                 578@00003000: $ 8 <= 00003000
                 598@00003000: $ 8 <= 00003000
                 618@00003000: $ 8 <= 00003000
                 638@00003000: $ 8 <= 00003000
                 658@00003000: $ 8 <= 00003000
                 678@00003000: $ 8 <= 00003000
                 698@00003000: $ 8 <= 00003000
                 718@00003000: $ 8 <= 00003000
                 738@00003000: $ 8 <= 00003000
                 758@00003000: $ 8 <= 00003000
                 778@00003000: $ 8 <= 00003000
                 798@00003000: $ 8 <= 00003000
                 818@00003000: $ 8 <= 00003000
                 838@00003000: $ 8 <= 00003000
                 858@00003000: $ 8 <= 00003000
                 878@00003000: $ 8 <= 00003000
                 898@00003000: $ 8 <= 00003000
                 918@00003000: $ 8 <= 00003000
                 938@00003000: $ 8 <= 00003000
                 958@00003000: $ 8 <= 00003000
                 978@00003000: $ 8 <= 00003000
                 998@00003000: $ 8 <= 00003000
