ISim log file
Running: E:\CO\ISE\ISE_Project\cpu_checker\tb_isim_beh.exe -intstyle ise -gui -tclbatch isim.cmd -wdb E:/CO/ISE/ISE_Project/cpu_checker/tb_isim_beh.wdb 
ISim P.20131013 (signature 0x7708f090)
----------------------------------------------------------------------
WARNING:Security:42 - Your software subscription period has lapsed. Your current version of Xilinx tools will continue to function, but you no longer qualify for Xilinx software updates or new releases.


----------------------------------------------------------------------
This is a Full version of ISim.
Time resolution is 1 ps
# onerror resume
# wave add /
# run 1000 ns
Simulator is doing circuit initialization process.
Finished circuit initialization process.
0

[ 0]

0

[ 0]

0

[ 1]

0

[ 1]

0

[ 1]

0

[ 1]

0

[ 1]

0

[ 2]

0

[ 2]

0

[ 2]

0

[ 2]

0

[ 2]

0

[ 2]

0

[ 2]

0

[ 2]

0

[ 2]

0

[ 3]

0

[12]

0

[12]

0

[12]

0

[12]

0

[12]

0

[12]

0

[12]

0

[12]

0

[12]

0

[14]

0

[15]

0

[16]

0

[16]

0

[16]

0

[16]

0

[16]

0

[16]

0

[16]

0

[16]

2

[17]

0

[ 1]

0

[ 1]

0

[ 1]

0

[ 1]

0

[ 1]

0

[ 2]

0

[ 2]

0

[ 2]

0

[ 2]

0

[ 2]

0

[ 2]

0

[ 2]

0

[ 2]

0

[ 2]

0

[ 3]

0

[ 3]

0

[12]

0

[12]

0

[12]

0

[12]

0

[12]

0

[12]

0

[12]

0

[12]

0

[12]

0

[14]

0

[15]

0

[16]

0

[16]

0

[16]

0

[16]

0

[16]

0

[16]

0

[16]

0

[16]

2

[17]

0

[ 1]

0

[ 1]

0

[ 1]

0

[ 2]

0

[ 2]

0

[ 2]

0

[ 2]

0

[ 2]

0

[ 2]

0

[ 2]

0

[ 2]

0

[ 2]

0

[ 3]

0

[ 3]

0

[ 6]

0

[ 6]

0

[ 8]

0

[ 9]

0

[10]

0

[10]

0

[10]

0

[10]

0

[10]

0

[10]

0

[10]

0

[10]

1

[11]

0

[ 0]

0

[ 0]

0

[ 0]

0

[ 0]

0

[ 0]

0

[ 0]

0

[ 0]

0

[ 0]

