Running: fuse.exe -relaunch -intstyle "ise" -incremental -lib "unisims_ver" -lib "unimacro_ver" -lib "xilinxcorelib_ver" -lib "secureip" -o "E:/CO/ISE/ISE_Project/single_mips/mips_tb_isim_beh.exe" -prj "E:/CO/ISE/ISE_Project/single_mips/mips_tb_beh.prj" "work.mips_tb" "work.glbl" -mt "off" 
ISim P.20131013 (signature 0x7708f090)
Turned off multi-threading for compilation
Determining compilation order of HDL files
Analyzing Verilog file "E:/CO/ISE/ISE_Project/single_mips/StoreType.v" into library work
Analyzing Verilog file "E:/CO/ISE/ISE_Project/single_mips/PC.v" into library work
Analyzing Verilog file "E:/CO/ISE/ISE_Project/single_mips/NPC.v" into library work
Analyzing Verilog file "E:/CO/ISE/ISE_Project/single_mips/LoadType.v" into library work
Analyzing Verilog file "E:/CO/ISE/ISE_Project/single_mips/IM.v" into library work
Analyzing Verilog file "E:/CO/ISE/ISE_Project/single_mips/GRF.v" into library work
Analyzing Verilog file "E:/CO/ISE/ISE_Project/single_mips/EXT.v" into library work
Analyzing Verilog file "E:/CO/ISE/ISE_Project/single_mips/DM.v" into library work
Analyzing Verilog file "E:/CO/ISE/ISE_Project/single_mips/Controller.v" into library work
Analyzing Verilog file "E:/CO/ISE/ISE_Project/single_mips/ALU.v" into library work
Analyzing Verilog file "E:/CO/ISE/ISE_Project/single_mips/mips.v" into library work
Analyzing Verilog file "E:/CO/ISE/ISE_Project/single_mips/mips_tb.v" into library work
Analyzing Verilog file "E:/CO/ISE/ISE_software/14.7/ISE_DS/ISE//verilog/src/glbl.v" into library work
Starting static elaboration
Completed static elaboration
Compiling module PC
Compiling module NPC
Compiling module IM
Compiling module GRF
Compiling module EXT
Compiling module DM
Compiling module ALU
Compiling module Controller
Compiling module StoreType
Compiling module LoadType
Compiling module mips
Compiling module mips_tb
Compiling module glbl
Time Resolution for simulation is 1ps.
Compiled 13 Verilog Units
Built simulation executable E:/CO/ISE/ISE_Project/single_mips/mips_tb_isim_beh.exe
Fuse Memory Usage: 32568 KB
Fuse CPU Usage: 233 ms
